<?xml version="1.0" encoding="UTF-8"?>
<!-- Generated by org.testng.reporters.JUnitReportReporter -->
<testsuite hostname="NHCLPT520" failures="0" tests="13" name="org.runner.Runner" time="1969.612" errors="0" timestamp="09 Jun 2023 05:18:34 GMT" skipped="0">
  <testcase classname="org.runner.Runner" name="runScenario" time="6.321"/>
  <testcase classname="org.runner.Runner" name="runScenario" time="320.220"/>
  <testcase classname="org.runner.Runner" name="runScenario" time="13.218"/>
  <testcase classname="org.runner.Runner" name="runScenario" time="6.501"/>
  <testcase classname="org.runner.Runner" name="runScenario" time="24.774"/>
  <testcase classname="org.runner.Runner" name="runScenario" time="922.937"/>
  <testcase classname="org.runner.Runner" name="runScenario" time="19.980"/>
  <testcase classname="org.runner.Runner" name="runScenario" time="6.435"/>
  <testcase classname="org.runner.Runner" name="runScenario" time="3.912"/>
  <testcase classname="org.runner.Runner" name="runScenario" time="0.557"/>
  <testcase classname="org.runner.Runner" name="runScenario" time="2.715"/>
  <testcase classname="org.runner.Runner" name="runScenario" time="17.956"/>
  <testcase classname="org.runner.Runner" name="runScenario" time="624.086"/>
</testsuite> <!-- org.runner.Runner -->
