<?xml version="1.0" encoding="UTF-8"?>
<!-- Generated by org.testng.reporters.JUnitReportReporter -->
<testsuite hostname="NHCLPT520" failures="0" tests="13" name="org.runner.Runner" time="1978.927" errors="0" timestamp="05 Jun 2023 05:59:07 GMT" skipped="0">
  <testcase classname="org.runner.Runner" name="runScenario" time="14.984"/>
  <testcase classname="org.runner.Runner" name="runScenario" time="319.836"/>
  <testcase classname="org.runner.Runner" name="runScenario" time="15.844"/>
  <testcase classname="org.runner.Runner" name="runScenario" time="6.271"/>
  <testcase classname="org.runner.Runner" name="runScenario" time="6.251"/>
  <testcase classname="org.runner.Runner" name="runScenario" time="19.935"/>
  <testcase classname="org.runner.Runner" name="runScenario" time="3.655"/>
  <testcase classname="org.runner.Runner" name="runScenario" time="24.818"/>
  <testcase classname="org.runner.Runner" name="runScenario" time="2.583"/>
  <testcase classname="org.runner.Runner" name="runScenario" time="932.820"/>
  <testcase classname="org.runner.Runner" name="runScenario" time="1.108"/>
  <testcase classname="org.runner.Runner" name="runScenario" time="624.564"/>
  <testcase classname="org.runner.Runner" name="runScenario" time="6.258"/>
</testsuite> <!-- org.runner.Runner -->
